[0.203s] DEBUG:colcon:Command line arguments: ['/usr/bin/colcon', 'build']
[0.203s] DEBUG:colcon:Parsed command line arguments: Namespace(log_base=None, log_level=None, verb_name='build', build_base='build', install_base='install', merge_install=False, symlink_install=False, test_result_base=None, continue_on_error=False, executor='parallel', parallel_workers=16, event_handlers=None, ignore_user_meta=False, metas=['./colcon.meta'], base_paths=['.'], packages_ignore=None, packages_ignore_regex=None, paths=None, packages_up_to=None, packages_up_to_regex=None, packages_above=None, packages_above_and_dependencies=None, packages_above_depth=None, packages_select_by_dep=None, packages_skip_by_dep=None, packages_skip_up_to=None, packages_select_build_failed=False, packages_skip_build_finished=False, packages_select_test_failures=False, packages_skip_test_passed=False, packages_select=None, packages_skip=None, packages_select_regex=None, packages_skip_regex=None, packages_start=None, packages_end=None, allow_overriding=[], cmake_args=None, cmake_target=None, cmake_target_skip_unavailable=False, cmake_clean_cache=False, cmake_clean_first=False, cmake_force_configure=False, ament_cmake_args=None, catkin_cmake_args=None, catkin_skip_building_tests=False, mixin_files=None, mixin=None, verb_parser=<colcon_mixin.mixin.mixin_argument.MixinArgumentDecorator object at 0x7face70a9160>, verb_extension=<colcon_core.verb.build.BuildVerb object at 0x7face7026f30>, main=<bound method BuildVerb.main of <colcon_core.verb.build.BuildVerb object at 0x7face7026f30>>, mixin_verb=('build',))
[0.273s] Level 1:colcon.colcon_core.package_discovery:discover_packages(colcon_meta) check parameters
[0.274s] Level 1:colcon.colcon_core.package_discovery:discover_packages(recursive) check parameters
[0.274s] Level 1:colcon.colcon_core.package_discovery:discover_packages(ignore) check parameters
[0.274s] Level 1:colcon.colcon_core.package_discovery:discover_packages(path) check parameters
[0.274s] Level 1:colcon.colcon_core.package_discovery:discover_packages(colcon_meta) discover
[0.274s] Level 1:colcon.colcon_core.package_discovery:discover_packages(recursive) discover
[0.274s] INFO:colcon.colcon_core.package_discovery:Crawling recursively for packages in '/home/kar1858/Slam'
[0.274s] Level 1:colcon.colcon_core.package_identification:_identify(.) by extensions ['ignore', 'ignore_ament_install']
[0.274s] Level 1:colcon.colcon_core.package_identification:_identify(.) by extension 'ignore'
[0.274s] Level 1:colcon.colcon_core.package_identification:_identify(.) by extension 'ignore_ament_install'
[0.274s] Level 1:colcon.colcon_core.package_identification:_identify(.) by extensions ['colcon_pkg']
[0.274s] Level 1:colcon.colcon_core.package_identification:_identify(.) by extension 'colcon_pkg'
[0.274s] Level 1:colcon.colcon_core.package_identification:_identify(.) by extensions ['colcon_meta']
[0.274s] Level 1:colcon.colcon_core.package_identification:_identify(.) by extension 'colcon_meta'
[0.275s] Level 1:colcon.colcon_core.package_identification:_identify(.) by extensions ['ros']
[0.275s] Level 1:colcon.colcon_core.package_identification:_identify(.) by extension 'ros'
[0.317s] Level 1:colcon.colcon_core.package_identification:_identify(.) by extensions ['cmake', 'python']
[0.317s] Level 1:colcon.colcon_core.package_identification:_identify(.) by extension 'cmake'
[0.317s] Level 1:colcon.colcon_core.package_identification:_identify(.) by extension 'python'
[0.317s] Level 1:colcon.colcon_core.package_identification:_identify(.) by extensions ['python_setup_py']
[0.317s] Level 1:colcon.colcon_core.package_identification:_identify(.) by extension 'python_setup_py'
[0.317s] Level 1:colcon.colcon_core.package_identification:_identify(build) by extensions ['ignore', 'ignore_ament_install']
[0.318s] Level 1:colcon.colcon_core.package_identification:_identify(build) by extension 'ignore'
[0.318s] Level 1:colcon.colcon_core.package_identification:_identify(build) ignored
[0.318s] Level 1:colcon.colcon_core.package_identification:_identify(imglistener) by extensions ['ignore', 'ignore_ament_install']
[0.318s] Level 1:colcon.colcon_core.package_identification:_identify(imglistener) by extension 'ignore'
[0.318s] Level 1:colcon.colcon_core.package_identification:_identify(imglistener) by extension 'ignore_ament_install'
[0.318s] Level 1:colcon.colcon_core.package_identification:_identify(imglistener) by extensions ['colcon_pkg']
[0.318s] Level 1:colcon.colcon_core.package_identification:_identify(imglistener) by extension 'colcon_pkg'
[0.318s] Level 1:colcon.colcon_core.package_identification:_identify(imglistener) by extensions ['colcon_meta']
[0.318s] Level 1:colcon.colcon_core.package_identification:_identify(imglistener) by extension 'colcon_meta'
[0.318s] Level 1:colcon.colcon_core.package_identification:_identify(imglistener) by extensions ['ros']
[0.318s] Level 1:colcon.colcon_core.package_identification:_identify(imglistener) by extension 'ros'
[0.322s] DEBUG:colcon.colcon_core.package_identification:Package 'imglistener' with type 'ros.ament_python' and name 'imglistener'
[0.322s] Level 1:colcon.colcon_core.package_identification:_identify(install) by extensions ['ignore', 'ignore_ament_install']
[0.322s] Level 1:colcon.colcon_core.package_identification:_identify(install) by extension 'ignore'
[0.322s] Level 1:colcon.colcon_core.package_identification:_identify(install) ignored
[0.323s] Level 1:colcon.colcon_core.package_identification:_identify(log) by extensions ['ignore', 'ignore_ament_install']
[0.323s] Level 1:colcon.colcon_core.package_identification:_identify(log) by extension 'ignore'
[0.323s] Level 1:colcon.colcon_core.package_identification:_identify(log) ignored
[0.323s] Level 1:colcon.colcon_core.package_discovery:discover_packages(recursive) using defaults
[0.323s] Level 1:colcon.colcon_core.package_discovery:discover_packages(ignore) discover
[0.323s] Level 1:colcon.colcon_core.package_discovery:discover_packages(ignore) using defaults
[0.323s] Level 1:colcon.colcon_core.package_discovery:discover_packages(path) discover
[0.323s] Level 1:colcon.colcon_core.package_discovery:discover_packages(path) using defaults
[0.351s] Level 1:colcon.colcon_core.package_discovery:discover_packages(prefix_path) check parameters
[0.351s] Level 1:colcon.colcon_core.package_discovery:discover_packages(prefix_path) discover
[0.353s] DEBUG:colcon.colcon_installed_package_information.package_discovery:Found 1 installed packages in /home/kar1858/Slam/install
[0.357s] DEBUG:colcon.colcon_installed_package_information.package_discovery:Found 400 installed packages in /opt/ros/jazzy
[0.360s] Level 1:colcon.colcon_core.package_discovery:discover_packages(prefix_path) using defaults
[0.456s] Level 5:colcon.colcon_core.verb:set package 'imglistener' build argument 'cmake_args' from command line to 'None'
[0.456s] Level 5:colcon.colcon_core.verb:set package 'imglistener' build argument 'cmake_target' from command line to 'None'
[0.456s] Level 5:colcon.colcon_core.verb:set package 'imglistener' build argument 'cmake_target_skip_unavailable' from command line to 'False'
[0.456s] Level 5:colcon.colcon_core.verb:set package 'imglistener' build argument 'cmake_clean_cache' from command line to 'False'
[0.456s] Level 5:colcon.colcon_core.verb:set package 'imglistener' build argument 'cmake_clean_first' from command line to 'False'
[0.456s] Level 5:colcon.colcon_core.verb:set package 'imglistener' build argument 'cmake_force_configure' from command line to 'False'
[0.456s] Level 5:colcon.colcon_core.verb:set package 'imglistener' build argument 'ament_cmake_args' from command line to 'None'
[0.456s] Level 5:colcon.colcon_core.verb:set package 'imglistener' build argument 'catkin_cmake_args' from command line to 'None'
[0.456s] Level 5:colcon.colcon_core.verb:set package 'imglistener' build argument 'catkin_skip_building_tests' from command line to 'False'
[0.456s] DEBUG:colcon.colcon_core.verb:Building package 'imglistener' with the following arguments: {'ament_cmake_args': None, 'build_base': '/home/kar1858/Slam/build/imglistener', 'catkin_cmake_args': None, 'catkin_skip_building_tests': False, 'cmake_args': None, 'cmake_clean_cache': False, 'cmake_clean_first': False, 'cmake_force_configure': False, 'cmake_target': None, 'cmake_target_skip_unavailable': False, 'install_base': '/home/kar1858/Slam/install/imglistener', 'merge_install': False, 'path': '/home/kar1858/Slam/imglistener', 'symlink_install': False, 'test_result_base': None}
[0.456s] INFO:colcon.colcon_core.executor:Executing jobs using 'parallel' executor
[0.458s] DEBUG:colcon.colcon_parallel_executor.executor.parallel:run_until_complete
[0.458s] INFO:colcon.colcon_ros.task.ament_python.build:Building ROS package in '/home/kar1858/Slam/imglistener' with build type 'ament_python'
[0.458s] Level 1:colcon.colcon_core.shell:create_environment_hook('imglistener', 'ament_prefix_path')
[0.461s] INFO:colcon.colcon_core.plugin_system:Skipping extension 'colcon_core.shell.bat': Not used on non-Windows systems
[0.461s] INFO:colcon.colcon_core.shell:Creating environment hook '/home/kar1858/Slam/install/imglistener/share/imglistener/hook/ament_prefix_path.ps1'
[0.462s] INFO:colcon.colcon_core.shell:Creating environment descriptor '/home/kar1858/Slam/install/imglistener/share/imglistener/hook/ament_prefix_path.dsv'
[0.463s] INFO:colcon.colcon_core.shell:Creating environment hook '/home/kar1858/Slam/install/imglistener/share/imglistener/hook/ament_prefix_path.sh'
[0.464s] INFO:colcon.colcon_core.shell:Skip shell extension 'powershell' for command environment: Not usable outside of PowerShell
[0.464s] DEBUG:colcon.colcon_core.shell:Skip shell extension 'dsv' for command environment
[0.849s] INFO:colcon.colcon_core.task.python.build:Building Python package in '/home/kar1858/Slam/imglistener'
[0.849s] INFO:colcon.colcon_core.shell:Skip shell extension 'powershell' for command environment: Not usable outside of PowerShell
[0.849s] DEBUG:colcon.colcon_core.shell:Skip shell extension 'dsv' for command environment
[1.944s] DEBUG:colcon.colcon_core.event_handler.log_command:Invoking command in '/home/kar1858/Slam/imglistener': DEBUGINFOD_URLS=https://debuginfod.ubuntu.com PYTHONPATH=/home/kar1858/Slam/build/imglistener/prefix_override:/usr/lib/python3/dist-packages/colcon_core/task/python/colcon_distutils_commands:/home/kar1858/Slam/install/imglistener/lib/python3.12/site-packages:${PYTHONPATH} /usr/bin/python3 -W ignore:setup.py install is deprecated -W ignore:easy_install command is deprecated setup.py egg_info --egg-base ../build/imglistener build --build-base /home/kar1858/Slam/build/imglistener/build install --record /home/kar1858/Slam/build/imglistener/install.log --single-version-externally-managed install_data
[2.966s] DEBUG:colcon.colcon_core.event_handler.log_command:Invoked command in '/home/kar1858/Slam/imglistener' returned '0': DEBUGINFOD_URLS=https://debuginfod.ubuntu.com PYTHONPATH=/home/kar1858/Slam/build/imglistener/prefix_override:/usr/lib/python3/dist-packages/colcon_core/task/python/colcon_distutils_commands:/home/kar1858/Slam/install/imglistener/lib/python3.12/site-packages:${PYTHONPATH} /usr/bin/python3 -W ignore:setup.py install is deprecated -W ignore:easy_install command is deprecated setup.py egg_info --egg-base ../build/imglistener build --build-base /home/kar1858/Slam/build/imglistener/build install --record /home/kar1858/Slam/build/imglistener/install.log --single-version-externally-managed install_data
[2.970s] Level 1:colcon.colcon_core.environment:checking '/home/kar1858/Slam/install/imglistener' for CMake module files
[2.971s] Level 1:colcon.colcon_core.environment:checking '/home/kar1858/Slam/install/imglistener' for CMake config files
[2.972s] Level 1:colcon.colcon_core.environment:checking '/home/kar1858/Slam/install/imglistener/lib'
[2.972s] Level 1:colcon.colcon_core.environment:checking '/home/kar1858/Slam/install/imglistener/bin'
[2.972s] Level 1:colcon.colcon_core.environment:checking '/home/kar1858/Slam/install/imglistener/lib/pkgconfig/imglistener.pc'
[2.973s] Level 1:colcon.colcon_core.environment:checking '/home/kar1858/Slam/install/imglistener/lib/python3.12/site-packages'
[2.973s] Level 1:colcon.colcon_core.shell:create_environment_hook('imglistener', 'pythonpath')
[2.973s] INFO:colcon.colcon_core.shell:Creating environment hook '/home/kar1858/Slam/install/imglistener/share/imglistener/hook/pythonpath.ps1'
[2.974s] INFO:colcon.colcon_core.shell:Creating environment descriptor '/home/kar1858/Slam/install/imglistener/share/imglistener/hook/pythonpath.dsv'
[2.974s] INFO:colcon.colcon_core.shell:Creating environment hook '/home/kar1858/Slam/install/imglistener/share/imglistener/hook/pythonpath.sh'
[2.975s] Level 1:colcon.colcon_core.environment:checking '/home/kar1858/Slam/install/imglistener/bin'
[2.976s] Level 1:colcon.colcon_core.environment:create_environment_scripts_only(imglistener)
[2.976s] INFO:colcon.colcon_core.shell:Creating package script '/home/kar1858/Slam/install/imglistener/share/imglistener/package.ps1'
[2.978s] INFO:colcon.colcon_core.shell:Creating package descriptor '/home/kar1858/Slam/install/imglistener/share/imglistener/package.dsv'
[2.979s] INFO:colcon.colcon_core.shell:Creating package script '/home/kar1858/Slam/install/imglistener/share/imglistener/package.sh'
[2.980s] INFO:colcon.colcon_core.shell:Creating package script '/home/kar1858/Slam/install/imglistener/share/imglistener/package.bash'
[2.981s] INFO:colcon.colcon_core.shell:Creating package script '/home/kar1858/Slam/install/imglistener/share/imglistener/package.zsh'
[2.982s] Level 1:colcon.colcon_core.environment:create_file_with_runtime_dependencies(/home/kar1858/Slam/install/imglistener/share/colcon-core/packages/imglistener)
[2.982s] DEBUG:colcon.colcon_parallel_executor.executor.parallel:closing loop
[2.982s] DEBUG:colcon.colcon_parallel_executor.executor.parallel:loop closed
[2.983s] DEBUG:colcon.colcon_parallel_executor.executor.parallel:run_until_complete finished with '0'
[2.983s] DEBUG:colcon.colcon_core.event_reactor:joining thread
[2.993s] INFO:colcon.colcon_core.plugin_system:Skipping extension 'colcon_notification.desktop_notification.terminal_notifier': Not used on non-Darwin systems
[2.993s] INFO:colcon.colcon_core.plugin_system:Skipping extension 'colcon_notification.desktop_notification.win32': Not used on non-Windows systems
[2.993s] INFO:colcon.colcon_notification.desktop_notification:Sending desktop notification using 'notify2'
[3.016s] DEBUG:colcon.colcon_core.event_reactor:joined thread
[3.017s] INFO:colcon.colcon_core.shell:Creating prefix script '/home/kar1858/Slam/install/local_setup.ps1'
[3.018s] INFO:colcon.colcon_core.shell:Creating prefix util module '/home/kar1858/Slam/install/_local_setup_util_ps1.py'
[3.020s] INFO:colcon.colcon_core.shell:Creating prefix chain script '/home/kar1858/Slam/install/setup.ps1'
[3.022s] INFO:colcon.colcon_core.shell:Creating prefix script '/home/kar1858/Slam/install/local_setup.sh'
[3.023s] INFO:colcon.colcon_core.shell:Creating prefix util module '/home/kar1858/Slam/install/_local_setup_util_sh.py'
[3.024s] INFO:colcon.colcon_core.shell:Creating prefix chain script '/home/kar1858/Slam/install/setup.sh'
[3.026s] INFO:colcon.colcon_core.shell:Creating prefix script '/home/kar1858/Slam/install/local_setup.bash'
[3.027s] INFO:colcon.colcon_core.shell:Creating prefix chain script '/home/kar1858/Slam/install/setup.bash'
[3.028s] INFO:colcon.colcon_core.shell:Creating prefix script '/home/kar1858/Slam/install/local_setup.zsh'
[3.029s] INFO:colcon.colcon_core.shell:Creating prefix chain script '/home/kar1858/Slam/install/setup.zsh'
