[0.835s] Invoking command in '/home/kar1858/Slam/imglistener': DEBUGINFOD_URLS=https://debuginfod.ubuntu.com PYTHONPATH=/home/kar1858/Slam/build/imglistener/prefix_override:/usr/lib/python3/dist-packages/colcon_core/task/python/colcon_distutils_commands:/home/kar1858/Slam/install/imglistener/lib/python3.12/site-packages:${PYTHONPATH} /usr/bin/python3 -W ignore:setup.py install is deprecated -W ignore:easy_install command is deprecated setup.py egg_info --egg-base ../build/imglistener build --build-base /home/kar1858/Slam/build/imglistener/build install --record /home/kar1858/Slam/build/imglistener/install.log --single-version-externally-managed install_data
[1.097s] running egg_info
[1.118s] writing ../build/imglistener/imglistener.egg-info/PKG-INFO
[1.118s] writing dependency_links to ../build/imglistener/imglistener.egg-info/dependency_links.txt
[1.119s] writing entry points to ../build/imglistener/imglistener.egg-info/entry_points.txt
[1.119s] writing requirements to ../build/imglistener/imglistener.egg-info/requires.txt
[1.119s] writing top-level names to ../build/imglistener/imglistener.egg-info/top_level.txt
[1.160s] reading manifest file '../build/imglistener/imglistener.egg-info/SOURCES.txt'
[1.160s] writing manifest file '../build/imglistener/imglistener.egg-info/SOURCES.txt'
[1.161s] running build
[1.161s] running build_py
[1.161s] running install
[1.167s] running install_lib
[1.188s] running install_data
[1.188s] running install_egg_info
[1.210s] removing '/home/kar1858/Slam/install/imglistener/lib/python3.12/site-packages/imglistener-0.0.0-py3.12.egg-info' (and everything under it)
[1.210s] Copying ../build/imglistener/imglistener.egg-info to /home/kar1858/Slam/install/imglistener/lib/python3.12/site-packages/imglistener-0.0.0-py3.12.egg-info
[1.210s] running install_scripts
[1.344s] Installing imglistener script to /home/kar1858/Slam/install/imglistener/lib/imglistener
[1.344s] writing list of installed files to '/home/kar1858/Slam/build/imglistener/install.log'
[1.381s] Invoked command in '/home/kar1858/Slam/imglistener' returned '0': DEBUGINFOD_URLS=https://debuginfod.ubuntu.com PYTHONPATH=/home/kar1858/Slam/build/imglistener/prefix_override:/usr/lib/python3/dist-packages/colcon_core/task/python/colcon_distutils_commands:/home/kar1858/Slam/install/imglistener/lib/python3.12/site-packages:${PYTHONPATH} /usr/bin/python3 -W ignore:setup.py install is deprecated -W ignore:easy_install command is deprecated setup.py egg_info --egg-base ../build/imglistener build --build-base /home/kar1858/Slam/build/imglistener/build install --record /home/kar1858/Slam/build/imglistener/install.log --single-version-externally-managed install_data
