running egg_info
writing ../build/imglistener/imglistener.egg-info/PKG-INFO
writing dependency_links to ../build/imglistener/imglistener.egg-info/dependency_links.txt
writing entry points to ../build/imglistener/imglistener.egg-info/entry_points.txt
writing requirements to ../build/imglistener/imglistener.egg-info/requires.txt
writing top-level names to ../build/imglistener/imglistener.egg-info/top_level.txt
reading manifest file '../build/imglistener/imglistener.egg-info/SOURCES.txt'
writing manifest file '../build/imglistener/imglistener.egg-info/SOURCES.txt'
running build
running build_py
copying imglistener/imglistener.py -> /home/kar1858/Slam/build/imglistener/build/lib/imglistener
running install
running install_lib
copying /home/kar1858/Slam/build/imglistener/build/lib/imglistener/imglistener.py -> /home/kar1858/Slam/install/imglistener/lib/python3.12/site-packages/imglistener
byte-compiling /home/kar1858/Slam/install/imglistener/lib/python3.12/site-packages/imglistener/imglistener.py to imglistener.cpython-312.pyc
running install_data
running install_egg_info
removing '/home/kar1858/Slam/install/imglistener/lib/python3.12/site-packages/imglistener-0.0.0-py3.12.egg-info' (and everything under it)
Copying ../build/imglistener/imglistener.egg-info to /home/kar1858/Slam/install/imglistener/lib/python3.12/site-packages/imglistener-0.0.0-py3.12.egg-info
running install_scripts
Installing imglistener script to /home/kar1858/Slam/install/imglistener/lib/imglistener
writing list of installed files to '/home/kar1858/Slam/build/imglistener/install.log'
