[1.552s] Invoking command in '/home/kar1858/Slam/imglistener': DEBUGINFOD_URLS=https://debuginfod.ubuntu.com PYTHONPATH=/home/kar1858/Slam/build/imglistener/prefix_override:/usr/lib/python3/dist-packages/colcon_core/task/python/colcon_distutils_commands:/home/kar1858/Slam/install/imglistener/lib/python3.12/site-packages:${PYTHONPATH} /usr/bin/python3 -W ignore:setup.py install is deprecated -W ignore:easy_install command is deprecated setup.py egg_info --egg-base ../build/imglistener build --build-base /home/kar1858/Slam/build/imglistener/build install --record /home/kar1858/Slam/build/imglistener/install.log --single-version-externally-managed install_data
[2.046s] running egg_info
[2.047s] creating ../build/imglistener/imglistener.egg-info
[2.085s] writing ../build/imglistener/imglistener.egg-info/PKG-INFO
[2.085s] writing dependency_links to ../build/imglistener/imglistener.egg-info/dependency_links.txt
[2.085s] writing entry points to ../build/imglistener/imglistener.egg-info/entry_points.txt
[2.086s] writing requirements to ../build/imglistener/imglistener.egg-info/requires.txt
[2.086s] writing top-level names to ../build/imglistener/imglistener.egg-info/top_level.txt
[2.086s] writing manifest file '../build/imglistener/imglistener.egg-info/SOURCES.txt'
[2.163s] reading manifest file '../build/imglistener/imglistener.egg-info/SOURCES.txt'
[2.164s] writing manifest file '../build/imglistener/imglistener.egg-info/SOURCES.txt'
[2.165s] running build
[2.165s] running build_py
[2.165s] creating /home/kar1858/Slam/build/imglistener/build
[2.165s] creating /home/kar1858/Slam/build/imglistener/build/lib
[2.165s] creating /home/kar1858/Slam/build/imglistener/build/lib/imglistener
[2.165s] copying imglistener/__init__.py -> /home/kar1858/Slam/build/imglistener/build/lib/imglistener
[2.166s] copying imglistener/imglistener.py -> /home/kar1858/Slam/build/imglistener/build/lib/imglistener
[2.166s] running install
[2.177s] running install_lib
[2.216s] creating /home/kar1858/Slam/install/imglistener/lib/python3.12/site-packages/imglistener
[2.217s] copying /home/kar1858/Slam/build/imglistener/build/lib/imglistener/__init__.py -> /home/kar1858/Slam/install/imglistener/lib/python3.12/site-packages/imglistener
[2.217s] copying /home/kar1858/Slam/build/imglistener/build/lib/imglistener/imglistener.py -> /home/kar1858/Slam/install/imglistener/lib/python3.12/site-packages/imglistener
[2.217s] byte-compiling /home/kar1858/Slam/install/imglistener/lib/python3.12/site-packages/imglistener/__init__.py to __init__.cpython-312.pyc
[2.218s] byte-compiling /home/kar1858/Slam/install/imglistener/lib/python3.12/site-packages/imglistener/imglistener.py to imglistener.cpython-312.pyc
[2.225s] running install_data
[2.225s] creating /home/kar1858/Slam/install/imglistener/share/ament_index
[2.225s] creating /home/kar1858/Slam/install/imglistener/share/ament_index/resource_index
[2.226s] creating /home/kar1858/Slam/install/imglistener/share/ament_index/resource_index/packages
[2.226s] copying resource/imglistener -> /home/kar1858/Slam/install/imglistener/share/ament_index/resource_index/packages
[2.226s] copying package.xml -> /home/kar1858/Slam/install/imglistener/share/imglistener
[2.226s] running install_egg_info
[2.266s] Copying ../build/imglistener/imglistener.egg-info to /home/kar1858/Slam/install/imglistener/lib/python3.12/site-packages/imglistener-0.0.0-py3.12.egg-info
[2.267s] running install_scripts
[2.515s] Installing imglistener script to /home/kar1858/Slam/install/imglistener/lib/imglistener
[2.516s] writing list of installed files to '/home/kar1858/Slam/build/imglistener/install.log'
[2.565s] Invoked command in '/home/kar1858/Slam/imglistener' returned '0': DEBUGINFOD_URLS=https://debuginfod.ubuntu.com PYTHONPATH=/home/kar1858/Slam/build/imglistener/prefix_override:/usr/lib/python3/dist-packages/colcon_core/task/python/colcon_distutils_commands:/home/kar1858/Slam/install/imglistener/lib/python3.12/site-packages:${PYTHONPATH} /usr/bin/python3 -W ignore:setup.py install is deprecated -W ignore:easy_install command is deprecated setup.py egg_info --egg-base ../build/imglistener build --build-base /home/kar1858/Slam/build/imglistener/build install --record /home/kar1858/Slam/build/imglistener/install.log --single-version-externally-managed install_data
