[0.824s] Invoking command in '/home/kar1858/Slam/imglistener': DEBUGINFOD_URLS=https://debuginfod.ubuntu.com PYTHONPATH=/home/kar1858/Slam/build/imglistener/prefix_override:/usr/lib/python3/dist-packages/colcon_core/task/python/colcon_distutils_commands:/home/kar1858/Slam/install/imglistener/lib/python3.12/site-packages:${PYTHONPATH} /usr/bin/python3 -W ignore:setup.py install is deprecated -W ignore:easy_install command is deprecated setup.py egg_info --egg-base ../build/imglistener build --build-base /home/kar1858/Slam/build/imglistener/build install --record /home/kar1858/Slam/build/imglistener/install.log --single-version-externally-managed install_data
[1.088s] running egg_info
[1.108s] writing ../build/imglistener/imglistener.egg-info/PKG-INFO
[1.109s] writing dependency_links to ../build/imglistener/imglistener.egg-info/dependency_links.txt
[1.109s] writing entry points to ../build/imglistener/imglistener.egg-info/entry_points.txt
[1.109s] writing requirements to ../build/imglistener/imglistener.egg-info/requires.txt
[1.109s] writing top-level names to ../build/imglistener/imglistener.egg-info/top_level.txt
[1.150s] reading manifest file '../build/imglistener/imglistener.egg-info/SOURCES.txt'
[1.150s] writing manifest file '../build/imglistener/imglistener.egg-info/SOURCES.txt'
[1.150s] running build
[1.150s] running build_py
[1.150s] copying imglistener/imglistener.py -> /home/kar1858/Slam/build/imglistener/build/lib/imglistener
[1.150s] running install
[1.156s] running install_lib
[1.178s] copying /home/kar1858/Slam/build/imglistener/build/lib/imglistener/imglistener.py -> /home/kar1858/Slam/install/imglistener/lib/python3.12/site-packages/imglistener
[1.178s] byte-compiling /home/kar1858/Slam/install/imglistener/lib/python3.12/site-packages/imglistener/imglistener.py to imglistener.cpython-312.pyc
[1.182s] running install_data
[1.182s] running install_egg_info
[1.203s] removing '/home/kar1858/Slam/install/imglistener/lib/python3.12/site-packages/imglistener-0.0.0-py3.12.egg-info' (and everything under it)
[1.203s] Copying ../build/imglistener/imglistener.egg-info to /home/kar1858/Slam/install/imglistener/lib/python3.12/site-packages/imglistener-0.0.0-py3.12.egg-info
[1.204s] running install_scripts
[1.339s] Installing imglistener script to /home/kar1858/Slam/install/imglistener/lib/imglistener
[1.339s] writing list of installed files to '/home/kar1858/Slam/build/imglistener/install.log'
[1.379s] Invoked command in '/home/kar1858/Slam/imglistener' returned '0': DEBUGINFOD_URLS=https://debuginfod.ubuntu.com PYTHONPATH=/home/kar1858/Slam/build/imglistener/prefix_override:/usr/lib/python3/dist-packages/colcon_core/task/python/colcon_distutils_commands:/home/kar1858/Slam/install/imglistener/lib/python3.12/site-packages:${PYTHONPATH} /usr/bin/python3 -W ignore:setup.py install is deprecated -W ignore:easy_install command is deprecated setup.py egg_info --egg-base ../build/imglistener build --build-base /home/kar1858/Slam/build/imglistener/build install --record /home/kar1858/Slam/build/imglistener/install.log --single-version-externally-managed install_data
